{
  "RSpec": {
    "coverage": {
      "C:/Users/arushi pc/Desktop/RobotRepeat/lib/robotProject.rb": [
        1
      ],
      "C:/Users/arushi pc/Desktop/RobotRepeat/lib/robotProject/robot.rb": [
        1,
        null,
        1,
        null,
        1,
        3,
        3,
        3,
        3,
        3,
        null,
        null,
        1,
        null,
        1,
        0,
        null,
        0,
        null,
        1,
        null,
        0,
        null,
        null,
        1,
        null,
        null,
        1,
        null,
        1,
        null,
        1,
        1,
        1,
        1,
        1,
        1,
        null,
        null,
        null,
        null,
        null,
        1,
        null,
        1,
        null,
        1,
        1,
        null,
        1,
        1,
        1,
        null,
        null,
        null,
        null,
        null,
        null,
        null,
        null,
        null
      ]
    },
    "timestamp": 1423422378
  }
}
