{
  "RSpec": {
    "coverage": {
      "C:/Users/arushi pc/Desktop/RobotRepeat/lib/robotProject.rb": [
        1,
        1,
        1
      ],
      "C:/Users/arushi pc/Desktop/RobotRepeat/lib/robotProject/robot.rb": [
        1,
        null,
        1,
        null,
        1,
        5,
        5,
        5,
        5,
        5,
        null,
        null,
        1,
        1,
        null,
        null,
        1,
        null,
        3,
        1,
        null,
        0,
        null,
        1,
        null,
        1,
        null,
        null,
        3,
        null,
        null,
        1,
        null,
        2,
        null,
        2,
        3,
        2,
        2,
        2,
        null,
        null,
        null,
        null,
        null,
        1,
        null,
        2,
        null,
        2,
        4,
        null,
        2,
        2,
        2,
        null,
        null,
        null,
        null,
        null,
        null,
        null,
        null,
        null,
        null
      ],
      "C:/Users/arushi pc/Desktop/RobotRepeat/lib/robotProject/parser.rb": [
        1,
        null,
        1,
        2,
        null,
        null,
        null,
        null,
        null,
        null,
        null,
        null,
        null,
        1,
        null,
        1,
        1,
        1,
        1,
        null,
        null,
        null,
        null,
        null,
        null,
        null,
        null,
        null,
        null,
        null,
        1,
        1,
        null,
        1,
        null,
        1,
        1,
        4,
        2,
        null,
        1,
        null,
        1,
        null,
        4,
        null,
        null,
        null,
        1,
        null,
        null,
        null,
        null,
        null,
        null,
        null
      ],
      "C:/Users/arushi pc/Desktop/RobotRepeat/lib/robotProject/launch.rb": [
        null,
        1,
        null,
        1,
        0,
        null,
        null,
        1,
        null,
        null,
        null,
        null,
        0,
        0,
        0,
        null,
        0,
        null,
        null,
        null,
        0,
        null,
        null,
        null,
        null,
        null,
        null,
        null,
        null,
        null,
        null,
        null,
        null,
        null,
        null,
        null,
        null,
        null,
        null
      ],
      "C:/Users/arushi pc/Desktop/RobotRepeat/spec/robotProject/robot_spec.rb": [
        1,
        null,
        1,
        4,
        null,
        1,
        1,
        null,
        null,
        null,
        1,
        1,
        null,
        null,
        1,
        1,
        null,
        null,
        null,
        null
      ]
    },
    "timestamp": 1423430895
  }
}
